 
****************************************
Report : area
Design : APB
Version: K-2015.06
Date   : Thu Oct 24 23:26:46 2024
****************************************

Library(s) Used:

    scmetro_tsmc_cl013g_rvt_ss_1p08v_125c (File: /home/IC/Projects/APB/std_cells/scmetro_tsmc_cl013g_rvt_ss_1p08v_125c.db)

Number of ports:                          151
Number of nets:                          5596
Number of cells:                         5457
Number of combinational cells:           3642
Number of sequential cells:              1812
Number of macros/black boxes:               0
Number of buf/inv:                        882
Number of references:                       8

Combinational area:              37623.806893
Buf/Inv area:                     4130.216992
Noncombinational area:           46856.193409
Macro/Black Box area:                0.000000
Net Interconnect area:      undefined  (No wire load specified)

Total cell area:                 84480.000302
Total area:                 undefined

Hierarchical area distribution
------------------------------

                                  Global cell area            Local cell area
                                  -------------------  ------------------------------ 
Hierarchical cell                 Absolute    Percent  Combi-      Noncombi-   Black-
                                  Total       Total    national    national    boxes   Design
--------------------------------  ----------  -------  ----------  ----------  ------  ----------------
APB                               84480.0003    100.0    195.3322      0.0000  0.0000  APB
u0                                  280.0546      0.3    228.2798     51.7748  0.0000  masterAPB_WIDTH7
u1                                42028.1941     49.7  18625.9848  23402.2093  0.0000  slave1_WIDTH7
u2                                41976.4194     49.7  18574.2100  23402.2093  0.0000  slave2_WIDTH7
--------------------------------  ----------  -------  ----------  ----------  ------  ----------------
Total                                                  37623.8069  46856.1934  0.0000

1
