Loading db file '/home/IC/Projects/APB/std_cells/scmetro_tsmc_cl013g_rvt_ss_1p08v_125c.db'
Information: Propagating switching activity (low effort zero delay simulation). (PWR-6)
Warning: Design has unannotated primary inputs. (PWR-414)
Warning: Design has unannotated sequential cell outputs. (PWR-415)
 
****************************************
Report : power
        -hier
        -analysis_effort low
Design : APB
Version: K-2015.06
Date   : Thu Oct 24 23:26:47 2024
****************************************


Library(s) Used:

    scmetro_tsmc_cl013g_rvt_ss_1p08v_125c (File: /home/IC/Projects/APB/std_cells/scmetro_tsmc_cl013g_rvt_ss_1p08v_125c.db)


Operating Conditions: scmetro_tsmc_cl013g_rvt_ss_1p08v_125c   Library: scmetro_tsmc_cl013g_rvt_ss_1p08v_125c
Wire Load Model Mode: top


Global Operating Voltage = 1.08 
Power-specific unit information :
    Voltage Units = 1V
    Capacitance Units = 1.000000pf
    Time Units = 1ns
    Dynamic Power Units = 1mW    (derived from V,C,T units)
    Leakage Power Units = 1pW


--------------------------------------------------------------------------------
                                       Switch   Int      Leak     Total
Hierarchy                              Power    Power    Power    Power    %
--------------------------------------------------------------------------------
APB                                    1.67e-02    0.267 4.40e+07    0.327 100.0
  u2 (slave2_WIDTH7)                   8.04e-03    0.133 2.18e+07    0.163  49.7
  u1 (slave1_WIDTH7)                   8.14e-03    0.133 2.19e+07    0.163  49.8
  u0 (masterAPB_WIDTH7)                1.30e-04 5.84e-04 1.94e+05 9.08e-04   0.3
1
